<?xml version="1.0" encoding="UTF-8"?>
<testng-results ignored="0" total="12" passed="9" failed="3" skipped="0">
  <reporter-output>
  </reporter-output>
  <suite started-at="2022-08-27T15:32:50 IST" name="Suite" finished-at="2022-08-27T15:37:12 IST" duration-ms="262545">
    <groups>
    </groups>
    <test started-at="2022-08-27T15:32:50 IST" name="Test" finished-at="2022-08-27T15:37:12 IST" duration-ms="262545">
      <class name="bs_testcase.WishListTest">
        <test-method is-config="true" signature="setUp()[pri:0, instance:bs_testcase.WishListTest@544820b7]" started-at="2022-08-27T15:34:59 IST" name="setUp" finished-at="2022-08-27T15:35:08 IST" duration-ms="9123" status="PASS">
          <reporter-output>
          </reporter-output>
        </test-method> <!-- setUp -->
        <test-method signature="feature_authTest()[pri:1, instance:bs_testcase.WishListTest@544820b7]" started-at="2022-08-27T15:35:08 IST" name="feature_authTest" finished-at="2022-08-27T15:35:17 IST" duration-ms="8785" status="FAIL">
          <exception class="java.lang.AssertionError">
            <message>
              <![CDATA[expected [Buy Best Selling William Wordsworth Books Online at Bookswagon] but found [Online BookStore India, Buy Books Online, Buy Book Online India - Bookswagon.com]]]>
            </message>
            <full-stacktrace>
              <![CDATA[java.lang.AssertionError: expected [Buy Best Selling William Wordsworth Books Online at Bookswagon] but found [Online BookStore India, Buy Books Online, Buy Book Online India - Bookswagon.com]
at org.testng.Assert.fail(Assert.java:99)
at org.testng.Assert.failNotEquals(Assert.java:1037)
at org.testng.Assert.assertEqualsImpl(Assert.java:140)
at org.testng.Assert.assertEquals(Assert.java:122)
at org.testng.Assert.assertEquals(Assert.java:629)
at org.testng.Assert.assertEquals(Assert.java:639)
at bs_testcase.WishListTest.feature_authTest(WishListTest.java:43)
at java.base/jdk.internal.reflect.NativeMethodAccessorImpl.invoke0(Native Method)
at java.base/jdk.internal.reflect.NativeMethodAccessorImpl.invoke(NativeMethodAccessorImpl.java:77)
at java.base/jdk.internal.reflect.DelegatingMethodAccessorImpl.invoke(DelegatingMethodAccessorImpl.java:43)
at java.base/java.lang.reflect.Method.invoke(Method.java:568)
at org.testng.internal.MethodInvocationHelper.invokeMethod(MethodInvocationHelper.java:133)
at org.testng.internal.TestInvoker.invokeMethod(TestInvoker.java:598)
at org.testng.internal.TestInvoker.invokeTestMethod(TestInvoker.java:173)
at org.testng.internal.MethodRunner.runInSequence(MethodRunner.java:46)
at org.testng.internal.TestInvoker$MethodInvocationAgent.invoke(TestInvoker.java:824)
at org.testng.internal.TestInvoker.invokeTestMethods(TestInvoker.java:146)
at org.testng.internal.TestMethodWorker.invokeTestMethods(TestMethodWorker.java:146)
at org.testng.internal.TestMethodWorker.run(TestMethodWorker.java:128)
at java.base/java.util.ArrayList.forEach(ArrayList.java:1511)
at org.testng.TestRunner.privateRun(TestRunner.java:794)
at org.testng.TestRunner.run(TestRunner.java:596)
at org.testng.SuiteRunner.runTest(SuiteRunner.java:377)
at org.testng.SuiteRunner.runSequentially(SuiteRunner.java:371)
at org.testng.SuiteRunner.privateRun(SuiteRunner.java:332)
at org.testng.SuiteRunner.run(SuiteRunner.java:276)
at org.testng.SuiteRunnerWorker.runSuite(SuiteRunnerWorker.java:53)
at org.testng.SuiteRunnerWorker.run(SuiteRunnerWorker.java:96)
at org.testng.TestNG.runSuitesSequentially(TestNG.java:1212)
at org.testng.TestNG.runSuitesLocally(TestNG.java:1134)
at org.testng.TestNG.runSuites(TestNG.java:1063)
at org.testng.TestNG.run(TestNG.java:1031)
at org.testng.remote.AbstractRemoteTestNG.run(AbstractRemoteTestNG.java:115)
at org.testng.remote.RemoteTestNG.initAndRun(RemoteTestNG.java:251)
at org.testng.remote.RemoteTestNG.main(RemoteTestNG.java:77)
]]>
            </full-stacktrace>
          </exception> <!-- java.lang.AssertionError -->
          <reporter-output>
          </reporter-output>
        </test-method> <!-- feature_authTest -->
        <test-method is-config="true" signature="tearDown()[pri:0, instance:bs_testcase.WishListTest@544820b7]" started-at="2022-08-27T15:35:18 IST" name="tearDown" finished-at="2022-08-27T15:35:24 IST" duration-ms="5586" status="PASS">
          <reporter-output>
          </reporter-output>
        </test-method> <!-- tearDown -->
        <test-method is-config="true" signature="setUp()[pri:0, instance:bs_testcase.WishListTest@544820b7]" started-at="2022-08-27T15:35:24 IST" name="setUp" finished-at="2022-08-27T15:35:32 IST" duration-ms="8011" status="PASS">
          <reporter-output>
          </reporter-output>
        </test-method> <!-- setUp -->
        <test-method signature="search_BookNameTest()[pri:2, instance:bs_testcase.WishListTest@544820b7]" started-at="2022-08-27T15:35:32 IST" name="search_BookNameTest" finished-at="2022-08-27T15:35:38 IST" duration-ms="5858" status="PASS">
          <reporter-output>
          </reporter-output>
        </test-method> <!-- search_BookNameTest -->
        <test-method is-config="true" signature="tearDown()[pri:0, instance:bs_testcase.WishListTest@544820b7]" started-at="2022-08-27T15:35:38 IST" name="tearDown" finished-at="2022-08-27T15:35:44 IST" duration-ms="5704" status="PASS">
          <reporter-output>
          </reporter-output>
        </test-method> <!-- tearDown -->
        <test-method is-config="true" signature="setUp()[pri:0, instance:bs_testcase.WishListTest@544820b7]" started-at="2022-08-27T15:35:44 IST" name="setUp" finished-at="2022-08-27T15:35:57 IST" duration-ms="13400" status="PASS">
          <reporter-output>
          </reporter-output>
        </test-method> <!-- setUp -->
        <test-method signature="addWishlist_AuthorNameTest()[pri:3, instance:bs_testcase.WishListTest@544820b7]" started-at="2022-08-27T15:35:57 IST" name="addWishlist_AuthorNameTest" finished-at="2022-08-27T15:36:07 IST" duration-ms="9782" status="PASS">
          <reporter-output>
          </reporter-output>
        </test-method> <!-- addWishlist_AuthorNameTest -->
        <test-method is-config="true" signature="tearDown()[pri:0, instance:bs_testcase.WishListTest@544820b7]" started-at="2022-08-27T15:36:08 IST" name="tearDown" finished-at="2022-08-27T15:36:13 IST" duration-ms="5610" status="PASS">
          <reporter-output>
          </reporter-output>
        </test-method> <!-- tearDown -->
        <test-method is-config="true" signature="setUp()[pri:0, instance:bs_testcase.WishListTest@544820b7]" started-at="2022-08-27T15:36:13 IST" name="setUp" finished-at="2022-08-27T15:36:35 IST" duration-ms="21407" status="PASS">
          <reporter-output>
          </reporter-output>
        </test-method> <!-- setUp -->
        <test-method signature="addWishlist_PublisherTest()[pri:4, instance:bs_testcase.WishListTest@544820b7]" started-at="2022-08-27T15:36:35 IST" name="addWishlist_PublisherTest" finished-at="2022-08-27T15:36:41 IST" duration-ms="6885" status="PASS">
          <reporter-output>
          </reporter-output>
        </test-method> <!-- addWishlist_PublisherTest -->
        <test-method is-config="true" signature="tearDown()[pri:0, instance:bs_testcase.WishListTest@544820b7]" started-at="2022-08-27T15:36:42 IST" name="tearDown" finished-at="2022-08-27T15:36:47 IST" duration-ms="5429" status="PASS">
          <reporter-output>
          </reporter-output>
        </test-method> <!-- tearDown -->
        <test-method is-config="true" signature="setUp()[pri:0, instance:bs_testcase.WishListTest@544820b7]" started-at="2022-08-27T15:36:47 IST" name="setUp" finished-at="2022-08-27T15:36:56 IST" duration-ms="8757" status="PASS">
          <reporter-output>
          </reporter-output>
        </test-method> <!-- setUp -->
        <test-method signature="wishlist_Test()[pri:5, instance:bs_testcase.WishListTest@544820b7]" started-at="2022-08-27T15:36:56 IST" name="wishlist_Test" finished-at="2022-08-27T15:37:06 IST" duration-ms="10033" status="FAIL">
          <exception class="org.openqa.selenium.NoSuchElementException">
            <message>
              <![CDATA[no such element: Unable to locate element: {"method":"xpath","selector":"//a[text()='My Wishlist']"}
  (Session info: chrome=104.0.5112.102)
For documentation on this error, please visit: https://selenium.dev/exceptions/#no_such_element
Build info: version: '4.1.4', revision: '535d840ee2'
System info: host: 'LAPTOP-Q5E25PUN', ip: '192.168.43.141', os.name: 'Windows 10', os.arch: 'amd64', os.version: '10.0', java.version: '17.0.2'
Driver info: org.openqa.selenium.chrome.ChromeDriver
Command: [d7e72f4b45d79943c4579ff0f3765a05, findElement {using=xpath, value=//a[text()='My Wishlist']}]
Capabilities {acceptInsecureCerts: false, browserName: chrome, browserVersion: 104.0.5112.102, chrome: {chromedriverVersion: 104.0.5112.79 (3cf3e8c8a07d..., userDataDir: C:\WINDOWS\TEMP\scoped_dir8...}, goog:chromeOptions: {debuggerAddress: localhost:60800}, javascriptEnabled: true, networkConnectionEnabled: false, pageLoadStrategy: normal, platform: WINDOWS, platformName: WINDOWS, proxy: Proxy(), se:cdp: ws://localhost:60800/devtoo..., se:cdpVersion: 104.0.5112.102, setWindowRect: true, strictFileInteractability: false, timeouts: {implicit: 0, pageLoad: 300000, script: 30000}, unhandledPromptBehavior: dismiss and notify, webauthn:extension:credBlob: true, webauthn:extension:largeBlob: true, webauthn:virtualAuthenticators: true}
Session ID: d7e72f4b45d79943c4579ff0f3765a05]]>
            </message>
            <full-stacktrace>
              <![CDATA[org.openqa.selenium.NoSuchElementException: no such element: Unable to locate element: {"method":"xpath","selector":"//a[text()='My Wishlist']"}
  (Session info: chrome=104.0.5112.102)
For documentation on this error, please visit: https://selenium.dev/exceptions/#no_such_element
Build info: version: '4.1.4', revision: '535d840ee2'
System info: host: 'LAPTOP-Q5E25PUN', ip: '192.168.43.141', os.name: 'Windows 10', os.arch: 'amd64', os.version: '10.0', java.version: '17.0.2'
Driver info: org.openqa.selenium.chrome.ChromeDriver
Command: [d7e72f4b45d79943c4579ff0f3765a05, findElement {using=xpath, value=//a[text()='My Wishlist']}]
Capabilities {acceptInsecureCerts: false, browserName: chrome, browserVersion: 104.0.5112.102, chrome: {chromedriverVersion: 104.0.5112.79 (3cf3e8c8a07d..., userDataDir: C:\WINDOWS\TEMP\scoped_dir8...}, goog:chromeOptions: {debuggerAddress: localhost:60800}, javascriptEnabled: true, networkConnectionEnabled: false, pageLoadStrategy: normal, platform: WINDOWS, platformName: WINDOWS, proxy: Proxy(), se:cdp: ws://localhost:60800/devtoo..., se:cdpVersion: 104.0.5112.102, setWindowRect: true, strictFileInteractability: false, timeouts: {implicit: 0, pageLoad: 300000, script: 30000}, unhandledPromptBehavior: dismiss and notify, webauthn:extension:credBlob: true, webauthn:extension:largeBlob: true, webauthn:virtualAuthenticators: true}
Session ID: d7e72f4b45d79943c4579ff0f3765a05
at java.base/jdk.internal.reflect.NativeConstructorAccessorImpl.newInstance0(Native Method)
at java.base/jdk.internal.reflect.NativeConstructorAccessorImpl.newInstance(NativeConstructorAccessorImpl.java:77)
at java.base/jdk.internal.reflect.DelegatingConstructorAccessorImpl.newInstance(DelegatingConstructorAccessorImpl.java:45)
at java.base/java.lang.reflect.Constructor.newInstanceWithCaller(Constructor.java:499)
at java.base/java.lang.reflect.Constructor.newInstance(Constructor.java:480)
at org.openqa.selenium.remote.codec.w3c.W3CHttpResponseCodec.createException(W3CHttpResponseCodec.java:200)
at org.openqa.selenium.remote.codec.w3c.W3CHttpResponseCodec.decode(W3CHttpResponseCodec.java:133)
at org.openqa.selenium.remote.codec.w3c.W3CHttpResponseCodec.decode(W3CHttpResponseCodec.java:53)
at org.openqa.selenium.remote.HttpCommandExecutor.execute(HttpCommandExecutor.java:184)
at org.openqa.selenium.remote.service.DriverCommandExecutor.invokeExecute(DriverCommandExecutor.java:167)
at org.openqa.selenium.remote.service.DriverCommandExecutor.execute(DriverCommandExecutor.java:142)
at org.openqa.selenium.remote.RemoteWebDriver.execute(RemoteWebDriver.java:567)
at org.openqa.selenium.remote.ElementLocation$ElementFinder$2.findElement(ElementLocation.java:162)
at org.openqa.selenium.remote.ElementLocation.findElement(ElementLocation.java:60)
at org.openqa.selenium.remote.RemoteWebDriver.findElement(RemoteWebDriver.java:385)
at org.openqa.selenium.remote.RemoteWebDriver.findElement(RemoteWebDriver.java:377)
at org.openqa.selenium.support.pagefactory.DefaultElementLocator.findElement(DefaultElementLocator.java:70)
at org.openqa.selenium.support.pagefactory.internal.LocatingElementHandler.invoke(LocatingElementHandler.java:39)
at jdk.proxy2/jdk.proxy2.$Proxy22.click(Unknown Source)
at bs_pages.WishList.wish_list(WishList.java:86)
at bs_testcase.WishListTest.wishlist_Test(WishListTest.java:77)
at java.base/jdk.internal.reflect.NativeMethodAccessorImpl.invoke0(Native Method)
at java.base/jdk.internal.reflect.NativeMethodAccessorImpl.invoke(NativeMethodAccessorImpl.java:77)
at java.base/jdk.internal.reflect.DelegatingMethodAccessorImpl.invoke(DelegatingMethodAccessorImpl.java:43)
at java.base/java.lang.reflect.Method.invoke(Method.java:568)
at org.testng.internal.MethodInvocationHelper.invokeMethod(MethodInvocationHelper.java:133)
at org.testng.internal.TestInvoker.invokeMethod(TestInvoker.java:598)
at org.testng.internal.TestInvoker.invokeTestMethod(TestInvoker.java:173)
at org.testng.internal.MethodRunner.runInSequence(MethodRunner.java:46)
at org.testng.internal.TestInvoker$MethodInvocationAgent.invoke(TestInvoker.java:824)
at org.testng.internal.TestInvoker.invokeTestMethods(TestInvoker.java:146)
at org.testng.internal.TestMethodWorker.invokeTestMethods(TestMethodWorker.java:146)
at org.testng.internal.TestMethodWorker.run(TestMethodWorker.java:128)
at java.base/java.util.ArrayList.forEach(ArrayList.java:1511)
at org.testng.TestRunner.privateRun(TestRunner.java:794)
at org.testng.TestRunner.run(TestRunner.java:596)
at org.testng.SuiteRunner.runTest(SuiteRunner.java:377)
at org.testng.SuiteRunner.runSequentially(SuiteRunner.java:371)
at org.testng.SuiteRunner.privateRun(SuiteRunner.java:332)
at org.testng.SuiteRunner.run(SuiteRunner.java:276)
at org.testng.SuiteRunnerWorker.runSuite(SuiteRunnerWorker.java:53)
at org.testng.SuiteRunnerWorker.run(SuiteRunnerWorker.java:96)
at org.testng.TestNG.runSuitesSequentially(TestNG.java:1212)
at org.testng.TestNG.runSuitesLocally(TestNG.java:1134)
at org.testng.TestNG.runSuites(TestNG.java:1063)
at org.testng.TestNG.run(TestNG.java:1031)
at org.testng.remote.AbstractRemoteTestNG.run(AbstractRemoteTestNG.java:115)
at org.testng.remote.RemoteTestNG.initAndRun(RemoteTestNG.java:251)
at org.testng.remote.RemoteTestNG.main(RemoteTestNG.java:77)
]]>
            </full-stacktrace>
          </exception> <!-- org.openqa.selenium.NoSuchElementException -->
          <reporter-output>
          </reporter-output>
        </test-method> <!-- wishlist_Test -->
        <test-method is-config="true" signature="tearDown()[pri:0, instance:bs_testcase.WishListTest@544820b7]" started-at="2022-08-27T15:37:07 IST" name="tearDown" finished-at="2022-08-27T15:37:12 IST" duration-ms="5620" status="PASS">
          <reporter-output>
          </reporter-output>
        </test-method> <!-- tearDown -->
      </class> <!-- bs_testcase.WishListTest -->
      <class name="bs_testcase.Change_PasswordTest">
        <test-method is-config="true" signature="setUp()[pri:0, instance:bs_testcase.Change_PasswordTest@424ebba3]" started-at="2022-08-27T15:32:52 IST" name="setUp" finished-at="2022-08-27T15:33:06 IST" duration-ms="13482" status="PASS">
          <reporter-output>
          </reporter-output>
        </test-method> <!-- setUp -->
        <test-method signature="request_a_bookTest(java.lang.String,java.lang.String,java.lang.String)[pri:0, instance:bs_testcase.Change_PasswordTest@424ebba3]" started-at="2022-08-27T15:33:06 IST" name="request_a_bookTest" data-provider="getLoginTestData" finished-at="2022-08-27T15:33:17 IST" duration-ms="10544" status="FAIL">
          <params>
            <param index="0">
              <value>
                <![CDATA[Akshay@1994]]>
              </value>
            </param>
            <param index="1">
              <value>
                <![CDATA[Akshay@1995]]>
              </value>
            </param>
            <param index="2">
              <value>
                <![CDATA[Akshay@1995]]>
              </value>
            </param>
          </params>
          <exception class="org.openqa.selenium.NoSuchElementException">
            <message>
              <![CDATA[no such element: Unable to locate element: {"method":"link text","selector":"Change Password"}
  (Session info: chrome=104.0.5112.102)
For documentation on this error, please visit: https://selenium.dev/exceptions/#no_such_element
Build info: version: '4.1.4', revision: '535d840ee2'
System info: host: 'LAPTOP-Q5E25PUN', ip: '192.168.43.141', os.name: 'Windows 10', os.arch: 'amd64', os.version: '10.0', java.version: '17.0.2'
Driver info: org.openqa.selenium.chrome.ChromeDriver
Command: [a58eb394de35c9382acc7767002bc4e5, findElement {using=link text, value=Change Password}]
Capabilities {acceptInsecureCerts: false, browserName: chrome, browserVersion: 104.0.5112.102, chrome: {chromedriverVersion: 104.0.5112.79 (3cf3e8c8a07d..., userDataDir: C:\WINDOWS\TEMP\scoped_dir8...}, goog:chromeOptions: {debuggerAddress: localhost:60189}, javascriptEnabled: true, networkConnectionEnabled: false, pageLoadStrategy: normal, platform: WINDOWS, platformName: WINDOWS, proxy: Proxy(), se:cdp: ws://localhost:60189/devtoo..., se:cdpVersion: 104.0.5112.102, setWindowRect: true, strictFileInteractability: false, timeouts: {implicit: 0, pageLoad: 300000, script: 30000}, unhandledPromptBehavior: dismiss and notify, webauthn:extension:credBlob: true, webauthn:extension:largeBlob: true, webauthn:virtualAuthenticators: true}
Session ID: a58eb394de35c9382acc7767002bc4e5]]>
            </message>
            <full-stacktrace>
              <![CDATA[org.openqa.selenium.NoSuchElementException: no such element: Unable to locate element: {"method":"link text","selector":"Change Password"}
  (Session info: chrome=104.0.5112.102)
For documentation on this error, please visit: https://selenium.dev/exceptions/#no_such_element
Build info: version: '4.1.4', revision: '535d840ee2'
System info: host: 'LAPTOP-Q5E25PUN', ip: '192.168.43.141', os.name: 'Windows 10', os.arch: 'amd64', os.version: '10.0', java.version: '17.0.2'
Driver info: org.openqa.selenium.chrome.ChromeDriver
Command: [a58eb394de35c9382acc7767002bc4e5, findElement {using=link text, value=Change Password}]
Capabilities {acceptInsecureCerts: false, browserName: chrome, browserVersion: 104.0.5112.102, chrome: {chromedriverVersion: 104.0.5112.79 (3cf3e8c8a07d..., userDataDir: C:\WINDOWS\TEMP\scoped_dir8...}, goog:chromeOptions: {debuggerAddress: localhost:60189}, javascriptEnabled: true, networkConnectionEnabled: false, pageLoadStrategy: normal, platform: WINDOWS, platformName: WINDOWS, proxy: Proxy(), se:cdp: ws://localhost:60189/devtoo..., se:cdpVersion: 104.0.5112.102, setWindowRect: true, strictFileInteractability: false, timeouts: {implicit: 0, pageLoad: 300000, script: 30000}, unhandledPromptBehavior: dismiss and notify, webauthn:extension:credBlob: true, webauthn:extension:largeBlob: true, webauthn:virtualAuthenticators: true}
Session ID: a58eb394de35c9382acc7767002bc4e5
at java.base/jdk.internal.reflect.NativeConstructorAccessorImpl.newInstance0(Native Method)
at java.base/jdk.internal.reflect.NativeConstructorAccessorImpl.newInstance(NativeConstructorAccessorImpl.java:77)
at java.base/jdk.internal.reflect.DelegatingConstructorAccessorImpl.newInstance(DelegatingConstructorAccessorImpl.java:45)
at java.base/java.lang.reflect.Constructor.newInstanceWithCaller(Constructor.java:499)
at java.base/java.lang.reflect.Constructor.newInstance(Constructor.java:480)
at org.openqa.selenium.remote.codec.w3c.W3CHttpResponseCodec.createException(W3CHttpResponseCodec.java:200)
at org.openqa.selenium.remote.codec.w3c.W3CHttpResponseCodec.decode(W3CHttpResponseCodec.java:133)
at org.openqa.selenium.remote.codec.w3c.W3CHttpResponseCodec.decode(W3CHttpResponseCodec.java:53)
at org.openqa.selenium.remote.HttpCommandExecutor.execute(HttpCommandExecutor.java:184)
at org.openqa.selenium.remote.service.DriverCommandExecutor.invokeExecute(DriverCommandExecutor.java:167)
at org.openqa.selenium.remote.service.DriverCommandExecutor.execute(DriverCommandExecutor.java:142)
at org.openqa.selenium.remote.RemoteWebDriver.execute(RemoteWebDriver.java:567)
at org.openqa.selenium.remote.ElementLocation$ElementFinder$2.findElement(ElementLocation.java:162)
at org.openqa.selenium.remote.ElementLocation.findElement(ElementLocation.java:60)
at org.openqa.selenium.remote.RemoteWebDriver.findElement(RemoteWebDriver.java:385)
at org.openqa.selenium.remote.RemoteWebDriver.findElement(RemoteWebDriver.java:377)
at org.openqa.selenium.support.pagefactory.DefaultElementLocator.findElement(DefaultElementLocator.java:70)
at org.openqa.selenium.support.pagefactory.internal.LocatingElementHandler.invoke(LocatingElementHandler.java:39)
at jdk.proxy2/jdk.proxy2.$Proxy22.click(Unknown Source)
at bs_pages.Change_Password.change_password(Change_Password.java:38)
at bs_testcase.Change_PasswordTest.request_a_bookTest(Change_PasswordTest.java:57)
at java.base/jdk.internal.reflect.NativeMethodAccessorImpl.invoke0(Native Method)
at java.base/jdk.internal.reflect.NativeMethodAccessorImpl.invoke(NativeMethodAccessorImpl.java:77)
at java.base/jdk.internal.reflect.DelegatingMethodAccessorImpl.invoke(DelegatingMethodAccessorImpl.java:43)
at java.base/java.lang.reflect.Method.invoke(Method.java:568)
at org.testng.internal.MethodInvocationHelper.invokeMethod(MethodInvocationHelper.java:133)
at org.testng.internal.TestInvoker.invokeMethod(TestInvoker.java:598)
at org.testng.internal.TestInvoker.invokeTestMethod(TestInvoker.java:173)
at org.testng.internal.MethodRunner.runInSequence(MethodRunner.java:46)
at org.testng.internal.TestInvoker$MethodInvocationAgent.invoke(TestInvoker.java:824)
at org.testng.internal.TestInvoker.invokeTestMethods(TestInvoker.java:146)
at org.testng.internal.TestMethodWorker.invokeTestMethods(TestMethodWorker.java:146)
at org.testng.internal.TestMethodWorker.run(TestMethodWorker.java:128)
at java.base/java.util.ArrayList.forEach(ArrayList.java:1511)
at org.testng.TestRunner.privateRun(TestRunner.java:794)
at org.testng.TestRunner.run(TestRunner.java:596)
at org.testng.SuiteRunner.runTest(SuiteRunner.java:377)
at org.testng.SuiteRunner.runSequentially(SuiteRunner.java:371)
at org.testng.SuiteRunner.privateRun(SuiteRunner.java:332)
at org.testng.SuiteRunner.run(SuiteRunner.java:276)
at org.testng.SuiteRunnerWorker.runSuite(SuiteRunnerWorker.java:53)
at org.testng.SuiteRunnerWorker.run(SuiteRunnerWorker.java:96)
at org.testng.TestNG.runSuitesSequentially(TestNG.java:1212)
at org.testng.TestNG.runSuitesLocally(TestNG.java:1134)
at org.testng.TestNG.runSuites(TestNG.java:1063)
at org.testng.TestNG.run(TestNG.java:1031)
at org.testng.remote.AbstractRemoteTestNG.run(AbstractRemoteTestNG.java:115)
at org.testng.remote.RemoteTestNG.initAndRun(RemoteTestNG.java:251)
at org.testng.remote.RemoteTestNG.main(RemoteTestNG.java:77)
]]>
            </full-stacktrace>
          </exception> <!-- org.openqa.selenium.NoSuchElementException -->
          <reporter-output>
          </reporter-output>
        </test-method> <!-- request_a_bookTest -->
        <test-method is-config="true" signature="tearDown()[pri:0, instance:bs_testcase.Change_PasswordTest@424ebba3]" started-at="2022-08-27T15:33:19 IST" name="tearDown" finished-at="2022-08-27T15:33:25 IST" duration-ms="6448" status="PASS">
          <reporter-output>
          </reporter-output>
        </test-method> <!-- tearDown -->
      </class> <!-- bs_testcase.Change_PasswordTest -->
      <class name="bs_testcase.Login_PageTest">
        <test-method is-config="true" signature="setUp()[pri:0, instance:bs_testcase.Login_PageTest@4c5474f5]" started-at="2022-08-27T15:33:25 IST" name="setUp" finished-at="2022-08-27T15:33:33 IST" duration-ms="7465" status="PASS">
          <reporter-output>
          </reporter-output>
        </test-method> <!-- setUp -->
        <test-method signature="loginTest()[pri:1, instance:bs_testcase.Login_PageTest@4c5474f5]" started-at="2022-08-27T15:33:33 IST" name="loginTest" finished-at="2022-08-27T15:33:35 IST" duration-ms="2537" status="PASS">
          <reporter-output>
          </reporter-output>
        </test-method> <!-- loginTest -->
        <test-method is-config="true" signature="tearDown()[pri:0, instance:bs_testcase.Login_PageTest@4c5474f5]" started-at="2022-08-27T15:33:36 IST" name="tearDown" finished-at="2022-08-27T15:33:42 IST" duration-ms="6263" status="PASS">
          <reporter-output>
          </reporter-output>
        </test-method> <!-- tearDown -->
        <test-method is-config="true" signature="setUp()[pri:0, instance:bs_testcase.Login_PageTest@4c5474f5]" started-at="2022-08-27T15:33:42 IST" name="setUp" finished-at="2022-08-27T15:33:49 IST" duration-ms="6672" status="PASS">
          <reporter-output>
          </reporter-output>
        </test-method> <!-- setUp -->
        <test-method signature="MultipleUserLoginTest(java.lang.String,java.lang.String)[pri:2, instance:bs_testcase.Login_PageTest@4c5474f5]" started-at="2022-08-27T15:33:49 IST" name="MultipleUserLoginTest" data-provider="getLoginTestData" finished-at="2022-08-27T15:33:51 IST" duration-ms="1898" status="PASS">
          <params>
            <param index="0">
              <value>
                <![CDATA[akshaypalande5@gamil.com]]>
              </value>
            </param>
            <param index="1">
              <value>
                <![CDATA[Akshay@1994]]>
              </value>
            </param>
          </params>
          <reporter-output>
          </reporter-output>
        </test-method> <!-- MultipleUserLoginTest -->
        <test-method is-config="true" signature="tearDown()[pri:0, instance:bs_testcase.Login_PageTest@4c5474f5]" started-at="2022-08-27T15:33:51 IST" name="tearDown" finished-at="2022-08-27T15:33:57 IST" duration-ms="6171" status="PASS">
          <reporter-output>
          </reporter-output>
        </test-method> <!-- tearDown -->
        <test-method is-config="true" signature="setUp()[pri:0, instance:bs_testcase.Login_PageTest@4c5474f5]" started-at="2022-08-27T15:33:57 IST" name="setUp" finished-at="2022-08-27T15:34:04 IST" duration-ms="6834" status="PASS">
          <reporter-output>
          </reporter-output>
        </test-method> <!-- setUp -->
        <test-method signature="MultipleUserLoginTest(java.lang.String,java.lang.String)[pri:2, instance:bs_testcase.Login_PageTest@4c5474f5]" started-at="2022-08-27T15:34:04 IST" name="MultipleUserLoginTest" data-provider="getLoginTestData" finished-at="2022-08-27T15:34:05 IST" duration-ms="1366" status="PASS">
          <params>
            <param index="0">
              <value>
                <![CDATA[akshaypalande5@gamil.com]]>
              </value>
            </param>
            <param index="1">
              <value>
                <![CDATA[Akshay@1994]]>
              </value>
            </param>
          </params>
          <reporter-output>
          </reporter-output>
        </test-method> <!-- MultipleUserLoginTest -->
        <test-method is-config="true" signature="tearDown()[pri:0, instance:bs_testcase.Login_PageTest@4c5474f5]" started-at="2022-08-27T15:34:06 IST" name="tearDown" finished-at="2022-08-27T15:34:11 IST" duration-ms="5625" status="PASS">
          <reporter-output>
          </reporter-output>
        </test-method> <!-- tearDown -->
        <test-method is-config="true" signature="setUp()[pri:0, instance:bs_testcase.Login_PageTest@4c5474f5]" started-at="2022-08-27T15:34:11 IST" name="setUp" finished-at="2022-08-27T15:34:16 IST" duration-ms="4648" status="PASS">
          <reporter-output>
          </reporter-output>
        </test-method> <!-- setUp -->
        <test-method signature="MultipleUserLoginTest(java.lang.String,java.lang.String)[pri:2, instance:bs_testcase.Login_PageTest@4c5474f5]" started-at="2022-08-27T15:34:16 IST" name="MultipleUserLoginTest" data-provider="getLoginTestData" finished-at="2022-08-27T15:34:17 IST" duration-ms="1218" status="PASS">
          <params>
            <param index="0">
              <value>
                <![CDATA[akshaypalande5@gamil.com]]>
              </value>
            </param>
            <param index="1">
              <value>
                <![CDATA[Akshay@1994]]>
              </value>
            </param>
          </params>
          <reporter-output>
          </reporter-output>
        </test-method> <!-- MultipleUserLoginTest -->
        <test-method is-config="true" signature="tearDown()[pri:0, instance:bs_testcase.Login_PageTest@4c5474f5]" started-at="2022-08-27T15:34:17 IST" name="tearDown" finished-at="2022-08-27T15:34:23 IST" duration-ms="6140" status="PASS">
          <reporter-output>
          </reporter-output>
        </test-method> <!-- tearDown -->
      </class> <!-- bs_testcase.Login_PageTest -->
      <class name="bs_testcase.Request_BookTest">
        <test-method is-config="true" signature="setUp()[pri:0, instance:bs_testcase.Request_BookTest@2f4205be]" started-at="2022-08-27T15:34:24 IST" name="setUp" finished-at="2022-08-27T15:34:31 IST" duration-ms="7346" status="PASS">
          <reporter-output>
          </reporter-output>
        </test-method> <!-- setUp -->
        <test-method signature="request_a_bookTest(java.lang.String,java.lang.String)[pri:0, instance:bs_testcase.Request_BookTest@2f4205be]" started-at="2022-08-27T15:34:31 IST" name="request_a_bookTest" data-provider="getLoginTestData" finished-at="2022-08-27T15:34:34 IST" duration-ms="3530" status="PASS">
          <params>
            <param index="0">
              <value>
                <![CDATA[Akshay-87194]]>
              </value>
            </param>
            <param index="1">
              <value>
                <![CDATA[mahabaratham]]>
              </value>
            </param>
          </params>
          <reporter-output>
          </reporter-output>
        </test-method> <!-- request_a_bookTest -->
        <test-method is-config="true" signature="tearDown()[pri:0, instance:bs_testcase.Request_BookTest@2f4205be]" started-at="2022-08-27T15:34:35 IST" name="tearDown" finished-at="2022-08-27T15:34:40 IST" duration-ms="5601" status="PASS">
          <reporter-output>
          </reporter-output>
        </test-method> <!-- tearDown -->
        <test-method is-config="true" signature="setUp()[pri:0, instance:bs_testcase.Request_BookTest@2f4205be]" started-at="2022-08-27T15:34:40 IST" name="setUp" finished-at="2022-08-27T15:34:50 IST" duration-ms="9926" status="PASS">
          <reporter-output>
          </reporter-output>
        </test-method> <!-- setUp -->
        <test-method signature="request_a_bookTest(java.lang.String,java.lang.String)[pri:0, instance:bs_testcase.Request_BookTest@2f4205be]" started-at="2022-08-27T15:34:50 IST" name="request_a_bookTest" data-provider="getLoginTestData" finished-at="2022-08-27T15:34:53 IST" duration-ms="3091" status="PASS">
          <params>
            <param index="0">
              <value>
                <![CDATA[Akshay-87195]]>
              </value>
            </param>
            <param index="1">
              <value>
                <![CDATA[Be Kind]]>
              </value>
            </param>
          </params>
          <reporter-output>
          </reporter-output>
        </test-method> <!-- request_a_bookTest -->
        <test-method is-config="true" signature="tearDown()[pri:0, instance:bs_testcase.Request_BookTest@2f4205be]" started-at="2022-08-27T15:34:54 IST" name="tearDown" finished-at="2022-08-27T15:34:59 IST" duration-ms="5537" status="PASS">
          <reporter-output>
          </reporter-output>
        </test-method> <!-- tearDown -->
      </class> <!-- bs_testcase.Request_BookTest -->
    </test> <!-- Test -->
  </suite> <!-- Suite -->
</testng-results>
